AH00558: apache2: Could not reliably determine the server's fully qualified domain name, using 172.18.0.2. Set the 'ServerName' directive globally to suppress this message
[Fri Mar 18 23:38:13.447539 2022] [mpm_prefork:notice] [pid 1] AH00163: Apache/2.4.38 (Debian) PHP/7.4.16 configured -- resuming normal operations
[Fri Mar 18 23:38:13.447587 2022] [core:notice] [pid 1] AH00094: Command line: 'apache2 -D FOREGROUND'
[Fri Mar 18 23:56:27.970454 2022] [mpm_prefork:notice] [pid 1] AH00170: caught SIGWINCH, shutting down gracefully
AH00558: apache2: Could not reliably determine the server's fully qualified domain name, using 172.18.0.4. Set the 'ServerName' directive globally to suppress this message
[Wed Mar 23 21:50:04.373255 2022] [mpm_prefork:notice] [pid 1] AH00163: Apache/2.4.38 (Debian) PHP/7.4.16 configured -- resuming normal operations
[Wed Mar 23 21:50:04.373701 2022] [core:notice] [pid 1] AH00094: Command line: 'apache2 -D FOREGROUND'
[Wed Mar 23 22:39:35.214720 2022] [mpm_prefork:notice] [pid 1] AH00170: caught SIGWINCH, shutting down gracefully
AH00558: apache2: Could not reliably determine the server's fully qualified domain name, using 172.18.0.4. Set the 'ServerName' directive globally to suppress this message
[Thu Mar 24 21:22:20.954456 2022] [mpm_prefork:notice] [pid 1] AH00163: Apache/2.4.38 (Debian) PHP/7.4.16 configured -- resuming normal operations
[Thu Mar 24 21:22:20.954702 2022] [core:notice] [pid 1] AH00094: Command line: 'apache2 -D FOREGROUND'
[Thu Mar 24 22:01:01.177900 2022] [mpm_prefork:notice] [pid 1] AH00170: caught SIGWINCH, shutting down gracefully
AH00558: apache2: Could not reliably determine the server's fully qualified domain name, using 172.18.0.4. Set the 'ServerName' directive globally to suppress this message
[Fri Mar 25 17:19:46.130673 2022] [mpm_prefork:notice] [pid 1] AH00163: Apache/2.4.38 (Debian) PHP/7.4.16 configured -- resuming normal operations
[Fri Mar 25 17:19:46.131079 2022] [core:notice] [pid 1] AH00094: Command line: 'apache2 -D FOREGROUND'
[Fri Mar 25 18:11:56.835115 2022] [mpm_prefork:notice] [pid 1] AH00170: caught SIGWINCH, shutting down gracefully
AH00558: apache2: Could not reliably determine the server's fully qualified domain name, using 172.18.0.4. Set the 'ServerName' directive globally to suppress this message
[Thu Mar 31 22:09:01.724521 2022] [mpm_prefork:notice] [pid 1] AH00163: Apache/2.4.38 (Debian) PHP/7.4.16 configured -- resuming normal operations
[Thu Mar 31 22:09:01.724987 2022] [core:notice] [pid 1] AH00094: Command line: 'apache2 -D FOREGROUND'
[Thu Mar 31 23:40:29.927529 2022] [mpm_prefork:notice] [pid 1] AH00170: caught SIGWINCH, shutting down gracefully
AH00558: apache2: Could not reliably determine the server's fully qualified domain name, using 172.18.0.4. Set the 'ServerName' directive globally to suppress this message
[Tue Apr 12 00:21:56.498528 2022] [mpm_prefork:notice] [pid 1] AH00163: Apache/2.4.38 (Debian) PHP/7.4.16 configured -- resuming normal operations
[Tue Apr 12 00:21:56.498960 2022] [core:notice] [pid 1] AH00094: Command line: 'apache2 -D FOREGROUND'
[Tue Apr 12 00:59:13.477518 2022] [mpm_prefork:notice] [pid 1] AH00170: caught SIGWINCH, shutting down gracefully
AH00558: apache2: Could not reliably determine the server's fully qualified domain name, using 172.18.0.4. Set the 'ServerName' directive globally to suppress this message
[Wed Apr 20 22:16:00.050478 2022] [mpm_prefork:notice] [pid 1] AH00163: Apache/2.4.38 (Debian) PHP/7.4.16 configured -- resuming normal operations
[Wed Apr 20 22:16:00.050909 2022] [core:notice] [pid 1] AH00094: Command line: 'apache2 -D FOREGROUND'
[Wed Apr 20 23:37:41.681264 2022] [mpm_prefork:notice] [pid 1] AH00170: caught SIGWINCH, shutting down gracefully
AH00558: apache2: Could not reliably determine the server's fully qualified domain name, using 172.18.0.4. Set the 'ServerName' directive globally to suppress this message
[Mon May 09 22:52:14.341084 2022] [mpm_prefork:notice] [pid 1] AH00163: Apache/2.4.38 (Debian) PHP/7.4.16 configured -- resuming normal operations
[Mon May 09 22:52:14.341506 2022] [core:notice] [pid 1] AH00094: Command line: 'apache2 -D FOREGROUND'
[Mon May 09 23:09:42.636198 2022] [mpm_prefork:notice] [pid 1] AH00170: caught SIGWINCH, shutting down gracefully
AH00558: apache2: Could not reliably determine the server's fully qualified domain name, using 172.18.0.4. Set the 'ServerName' directive globally to suppress this message
[Mon May 09 23:20:12.440928 2022] [mpm_prefork:notice] [pid 1] AH00163: Apache/2.4.38 (Debian) PHP/7.4.16 configured -- resuming normal operations
[Mon May 09 23:20:12.441408 2022] [core:notice] [pid 1] AH00094: Command line: 'apache2 -D FOREGROUND'
[Tue May 10 00:29:28.204949 2022] [mpm_prefork:notice] [pid 1] AH00170: caught SIGWINCH, shutting down gracefully
AH00558: apache2: Could not reliably determine the server's fully qualified domain name, using 172.18.0.5. Set the 'ServerName' directive globally to suppress this message
[Tue May 10 23:34:48.960703 2022] [mpm_prefork:notice] [pid 1] AH00163: Apache/2.4.38 (Debian) PHP/7.4.16 configured -- resuming normal operations
[Tue May 10 23:34:48.960741 2022] [core:notice] [pid 1] AH00094: Command line: 'apache2 -D FOREGROUND'
[Wed May 11 00:56:06.462392 2022] [mpm_prefork:notice] [pid 1] AH00170: caught SIGWINCH, shutting down gracefully
AH00558: apache2: Could not reliably determine the server's fully qualified domain name, using 172.18.0.4. Set the 'ServerName' directive globally to suppress this message
[Wed May 11 21:47:47.090111 2022] [mpm_prefork:notice] [pid 1] AH00163: Apache/2.4.38 (Debian) PHP/7.4.16 configured -- resuming normal operations
[Wed May 11 21:47:47.090362 2022] [core:notice] [pid 1] AH00094: Command line: 'apache2 -D FOREGROUND'
[Wed May 11 23:14:19.634895 2022] [mpm_prefork:notice] [pid 1] AH00170: caught SIGWINCH, shutting down gracefully
AH00112: Warning: DocumentRoot [/var/www/public] does not exist
AH00558: apache2: Could not reliably determine the server's fully qualified domain name, using 172.18.0.4. Set the 'ServerName' directive globally to suppress this message
[Tue May 17 22:34:20.783245 2022] [mpm_prefork:notice] [pid 1] AH00163: Apache/2.4.38 (Debian) PHP/7.4.16 configured -- resuming normal operations
[Tue May 17 22:34:20.783299 2022] [core:notice] [pid 1] AH00094: Command line: 'apache2 -D FOREGROUND'
[Tue May 17 22:34:49.617214 2022] [mpm_prefork:notice] [pid 1] AH00170: caught SIGWINCH, shutting down gracefully
AH00112: Warning: DocumentRoot [/var/www/public] does not exist
AH00558: apache2: Could not reliably determine the server's fully qualified domain name, using 172.18.0.4. Set the 'ServerName' directive globally to suppress this message
[Tue May 17 22:35:01.687973 2022] [mpm_prefork:notice] [pid 1] AH00163: Apache/2.4.38 (Debian) PHP/7.4.16 configured -- resuming normal operations
[Tue May 17 22:35:01.688020 2022] [core:notice] [pid 1] AH00094: Command line: 'apache2 -D FOREGROUND'
[Tue May 17 22:35:26.714273 2022] [mpm_prefork:notice] [pid 1] AH00170: caught SIGWINCH, shutting down gracefully
AH00112: Warning: DocumentRoot [/var/www/public] does not exist
AH00558: apache2: Could not reliably determine the server's fully qualified domain name, using 172.18.0.4. Set the 'ServerName' directive globally to suppress this message
[Tue May 17 22:39:58.910814 2022] [mpm_prefork:notice] [pid 1] AH00163: Apache/2.4.38 (Debian) PHP/7.4.16 configured -- resuming normal operations
[Tue May 17 22:39:58.910932 2022] [core:notice] [pid 1] AH00094: Command line: 'apache2 -D FOREGROUND'
[Tue May 17 22:40:17.346060 2022] [authz_core:error] [pid 17] [client 172.18.0.1:53764] AH01630: client denied by server configuration: /var/www/public
[Tue May 17 22:40:17.476389 2022] [authz_core:error] [pid 17] [client 172.18.0.1:53764] AH01630: client denied by server configuration: /var/www/public, referer: http://localhost:8091/
[Tue May 17 22:41:30.760833 2022] [mpm_prefork:notice] [pid 1] AH00170: caught SIGWINCH, shutting down gracefully
AH00112: Warning: DocumentRoot [/var/www/public] does not exist
AH00558: apache2: Could not reliably determine the server's fully qualified domain name, using 172.18.0.4. Set the 'ServerName' directive globally to suppress this message
[Tue May 17 22:41:42.046040 2022] [mpm_prefork:notice] [pid 1] AH00163: Apache/2.4.38 (Debian) PHP/7.4.16 configured -- resuming normal operations
[Tue May 17 22:41:42.046080 2022] [core:notice] [pid 1] AH00094: Command line: 'apache2 -D FOREGROUND'
